[2015-10-23 11:57:50am] The message: "Hello!" has been sent!
[2015-10-23 11:57:50am] The message: "Goodbye!" has been received!
[2015-10-23 11:57:51am] The message: "Hello!" has been sent!
[2015-10-23 11:57:51am] The message: "Goodbye!" has been received!
[2015-10-23 11:57:52am] The message: "Hello!" has been sent!
[2015-10-23 11:57:52am] The message: "Goodbye!" has been received!
[2015-10-23 11:57:55am] The message: "Hello!" has been sent!
[2015-10-23 11:57:55am] The message: "Goodbye!" has been received!
[2015-10-23 12:45:56pm] The message: "Hello!" has been sent!
[2015-10-23 12:45:56pm] The message: "Goodbye!" has been received!
[2015-10-24 07:51:32pm] The message: "["login",["agoldman","bodypilow"]]" has been sent!
[2015-10-24 07:51:43pm] The message: "" has been received!
[2015-10-24 07:53:12pm] The message: "["login",["agoldman","bodypilow"]]" has been sent!
[2015-10-24 07:53:23pm] The message: "False" has been received!
[2015-10-24 07:55:43pm] The message: "["login",["agoldman","bodypillow"]]" has been sent!
[2015-10-24 07:55:54pm] The message: "True" has been received!
[2015-10-24 08:08:44pm] The message: "["login",["agoldman","bodypillow"]]" has been sent!
[2015-10-24 08:08:55pm] The message: "True" has been received!
[2015-10-24 08:14:53pm] The message: "test" has been received!
[2015-10-24 08:14:53pm] The message: "["login",["agoldman","bodypillow"]]" has been sent!
[2015-10-24 08:19:04pm] The message: "test" has been received!
[2015-10-24 08:19:04pm] The message: "["login",["agoldman","bodypillow"]]" has been sent!
[2015-10-24 08:21:31pm] The message: "test" has been received!
[2015-10-24 08:21:31pm] The message: "["login",["agoldman","bodypillow"]]" has been sent!
[2015-10-24 09:13:34pm] The message: "test" has been received!
[2015-10-24 09:15:05pm] The message: "test" has been received!
[2015-10-24 09:30:35pm] The message: "test" has been received!
[2015-10-24 09:46:51pm] The message: "test" has been received!
[2015-10-24 09:52:56pm] The message: "["login",["agoldman","bodypillow"]]" has been sent!
[2015-10-24 11:11:05pm] The message: "["login",["agoldman","bodypillow"]]" has been sent!
[2015-10-24 11:11:16pm] The message: "True" has been received!
[2015-10-24 11:15:16pm] The message: "words" has been received!
[2015-10-24 11:15:16pm] The message: "["login",["agoldman","bodypillow"]]" has been sent!
[2015-10-24 11:16:13pm] The message: "words" has been received!
[2015-10-24 11:16:13pm] The message: "["login",["agoldman","bodypillow"]]" has been sent!
[2015-10-24 11:19:04pm] The message: "words" has been received!
[2015-10-24 11:19:04pm] The message: "["login",["agoldman","bodypillow"]]" has been sent!
[2015-10-24 11:21:00pm] The message: "words" has been received!
[2015-10-24 11:21:00pm] The message: "["login",["agoldman","bodypillow"]]" has been sent!
[2015-10-24 11:40:48pm] The message: "words" has been received!
[2015-10-24 11:40:48pm] The message: "["login",["agoldman","bodypillow"]]" has been sent!
[2015-10-25 01:02:29am] The message: "words" has been sent!
[2015-10-25 01:02:45am] The message: "words" has been sent!
[2015-10-25 01:02:46am] The message: "words" has been sent!
[2015-10-25 01:02:46am] The message: "words" has been sent!
[2015-10-25 01:02:47am] The message: "words" has been sent!
[2015-10-25 01:03:12am] The message: "words" has been sent!
[2015-10-25 01:03:12am] The message: "words" has been sent!
[2015-10-25 01:03:12am] The message: "words" has been sent!
[2015-10-25 01:03:12am] The message: "words" has been sent!
[2015-10-25 01:03:12am] The message: "words" has been sent!
[2015-10-25 01:03:13am] The message: "words" has been sent!
[2015-10-25 01:03:13am] The message: "words" has been sent!
[2015-10-25 01:03:13am] The message: "words" has been sent!
[2015-10-25 01:03:13am] The message: "words" has been sent!
[2015-10-25 01:03:13am] The message: "words" has been sent!
[2015-10-25 01:03:13am] The message: "words" has been sent!
[2015-10-25 01:03:14am] The message: "words" has been sent!
[2015-10-25 01:03:14am] The message: "words" has been sent!
[2015-10-25 01:03:14am] The message: "words" has been sent!
[2015-10-25 01:03:14am] The message: "words" has been sent!
[2015-10-25 01:03:14am] The message: "words" has been sent!
[2015-10-25 01:03:15am] The message: "words" has been sent!
[2015-10-25 01:03:15am] The message: "words" has been sent!
[2015-10-25 01:03:15am] The message: "words" has been sent!
[2015-10-25 01:03:15am] The message: "words" has been sent!
[2015-10-25 01:03:15am] The message: "words" has been sent!
[2015-10-25 01:03:15am] The message: "words" has been sent!
[2015-10-25 01:03:16am] The message: "words" has been sent!
[2015-10-25 01:03:16am] The message: "words" has been sent!
[2015-10-25 01:03:16am] The message: "words" has been sent!
[2015-10-25 01:03:16am] The message: "words" has been sent!
[2015-10-25 01:03:16am] The message: "words" has been sent!
[2015-10-25 01:03:17am] The message: "words" has been sent!
[2015-10-25 01:03:17am] The message: "words" has been sent!
[2015-10-25 01:03:17am] The message: "words" has been sent!
[2015-10-25 01:09:47am] The message: "words" has been received!
[2015-10-25 01:09:47am] The message: "["login",["agoldman","boypillow"]]" has been sent!
[2015-10-25 01:09:58am] The message: "False" has been received!
[2015-10-25 01:10:06am] The message: "words" has been received!
[2015-10-25 01:10:06am] The message: "["login",["agoldman","boypillow"]]" has been sent!
[2015-10-25 01:10:17am] The message: "False" has been received!
[2015-10-25 01:11:30am] The message: "["login",["agoldman","boypillow"]]" has been sent!
[2015-10-25 01:11:41am] The message: "False" has been received!
[2015-10-25 01:14:26pm] The message: "["login",["agoldman","boypillow"]]" has been sent!
[2015-10-25 01:14:36pm] The message: "False" has been received!
[2015-10-25 01:15:30pm] The message: "["login",["agoldman","bodypillow"]]" has been sent!
[2015-10-25 01:15:40pm] The message: "True" has been received!
